2024-06-28 10:21:13,060 - INFO - Datensatz maveriq/tobacco3482 erfolgreich heruntergeladen
2024-06-28 10:21:13,062 - INFO - Features im Datensatz: {'image': Image(decode=True, id=None), 'label': ClassLabel(names=['ADVE', 'Email', 'Form', 'Letter', 'Memo', 'News', 'Note', 'Report', 'Resume', 'Scientific'], id=None)}
2024-06-28 10:21:38,478 - INFO - Datensatz 'maveriq/tobacco3482' unter '../data/interim' gespeichert!
2024-06-28 10:58:07,305 - INFO - Erkannter Rotationswinkel: 1.0
2024-06-28 10:58:49,713 - INFO - Erkannter Rotationswinkel: 1.0
2024-06-28 11:00:54,703 - INFO - Erkannter Rotationswinkel: 1.0
2024-06-28 11:01:07,667 - INFO - Erkannter Rotationswinkel: 1.0
2024-06-28 11:05:47,550 - INFO - Erkannter Rotationswinkel: 1.0
2024-06-28 11:06:19,340 - INFO - Folgende Sprache wurde erkannt: {self.language}
2024-06-28 11:06:36,306 - INFO - Folgende Sprache wurde erkannt: {self.language}
2024-06-28 11:07:27,172 - INFO - Folgende Sprache wurde erkannt: {self.language}
2024-06-28 11:07:38,418 - INFO - Erkannter Rotationswinkel: 1.0
2024-06-28 11:07:44,566 - INFO - Folgende Sprache wurde erkannt: {self.language}
2024-06-28 11:15:32,450 - INFO - Erkannter Rotationswinkel: 1.0
2024-06-28 11:15:35,375 - INFO - Folgende Sprache wurde erkannt: {self.language}
2024-06-28 11:15:35,670 - INFO - Erkannter Rotationswinkel: -0.0
2024-06-28 11:15:36,735 - INFO - Folgende Sprache wurde erkannt: {self.language}
2024-06-28 11:15:38,376 - INFO - Erkannter Rotationswinkel: -1.0
2024-06-28 11:15:40,246 - INFO - Folgende Sprache wurde erkannt: {self.language}
2024-06-28 11:15:41,338 - INFO - Erkannter Rotationswinkel: -0.0
2024-06-28 11:15:43,906 - INFO - Folgende Sprache wurde erkannt: {self.language}
2024-06-28 11:15:45,149 - INFO - Erkannter Rotationswinkel: -0.0
2024-06-28 11:15:46,315 - INFO - Folgende Sprache wurde erkannt: {self.language}
2024-06-28 11:15:47,319 - INFO - Erkannter Rotationswinkel: -0.0
2024-06-28 11:15:48,849 - INFO - Folgende Sprache wurde erkannt: {self.language}
2024-06-28 11:15:49,202 - INFO - Erkannter Rotationswinkel: -0.0
2024-06-28 11:15:50,849 - INFO - Folgende Sprache wurde erkannt: {self.language}
2024-06-28 11:15:52,033 - INFO - Erkannter Rotationswinkel: -1.0
2024-06-28 11:15:58,055 - INFO - Folgende Sprache wurde erkannt: {self.language}
2024-06-28 11:15:59,655 - INFO - Erkannter Rotationswinkel: -1.0
2024-06-28 11:16:02,988 - INFO - Folgende Sprache wurde erkannt: {self.language}
2024-06-28 11:16:03,343 - INFO - Erkannter Rotationswinkel: -1.0
2024-06-28 11:16:04,750 - INFO - Folgende Sprache wurde erkannt: {self.language}
2024-06-28 11:16:05,049 - INFO - Erkannter Rotationswinkel: 45.0
2024-06-28 11:16:06,996 - INFO - Erkannter Rotationswinkel: 1.0
2024-06-28 11:16:11,445 - INFO - Folgende Sprache wurde erkannt: {self.language}
2024-06-28 11:16:12,899 - INFO - Erkannter Rotationswinkel: -1.0
2024-06-28 11:16:14,213 - INFO - Folgende Sprache wurde erkannt: {self.language}
2024-06-28 11:16:15,344 - INFO - Erkannter Rotationswinkel: -0.0
2024-06-28 11:16:17,775 - INFO - Folgende Sprache wurde erkannt: {self.language}
2024-06-28 11:16:18,857 - INFO - Erkannter Rotationswinkel: -0.0
2024-06-28 11:16:21,648 - INFO - Folgende Sprache wurde erkannt: {self.language}
2024-06-28 11:16:22,005 - INFO - Erkannter Rotationswinkel: 1.0
2024-06-28 11:16:22,970 - INFO - Folgende Sprache wurde erkannt: {self.language}
2024-06-28 11:16:24,181 - INFO - Erkannter Rotationswinkel: -0.0
2024-06-28 11:16:28,759 - INFO - Folgende Sprache wurde erkannt: {self.language}
2024-06-28 11:16:29,229 - INFO - Erkannter Rotationswinkel: -0.0
2024-06-28 11:16:30,034 - INFO - Folgende Sprache wurde erkannt: {self.language}
2024-06-28 11:16:30,034 - INFO - Warnung: Sprache 'ja' wird nicht unterstützt. Das Entfernen von Stoppwörtern wird für diese Sprache übersprungen.
2024-06-28 11:16:31,296 - INFO - Erkannter Rotationswinkel: -0.0
2024-06-28 11:16:32,846 - INFO - Folgende Sprache wurde erkannt: {self.language}
2024-06-28 11:16:34,388 - INFO - Erkannter Rotationswinkel: 1.0
2024-06-28 11:16:36,423 - INFO - Folgende Sprache wurde erkannt: {self.language}
2024-06-28 11:16:37,556 - INFO - Erkannter Rotationswinkel: 1.0
2024-06-28 11:16:42,614 - INFO - Folgende Sprache wurde erkannt: {self.language}
2024-06-28 11:16:43,669 - INFO - Erkannter Rotationswinkel: -0.0
2024-06-28 11:16:45,257 - INFO - Folgende Sprache wurde erkannt: {self.language}
2024-06-28 11:16:45,629 - INFO - Erkannter Rotationswinkel: -0.0
2024-06-28 11:16:46,498 - INFO - Folgende Sprache wurde erkannt: {self.language}
2024-06-28 11:16:46,498 - INFO - Warnung: Sprache 'ja' wird nicht unterstützt. Das Entfernen von Stoppwörtern wird für diese Sprache übersprungen.
2024-06-28 11:16:47,414 - INFO - Erkannter Rotationswinkel: 1.0
2024-06-28 11:16:50,844 - INFO - Folgende Sprache wurde erkannt: {self.language}
2024-06-28 11:16:51,215 - INFO - Erkannter Rotationswinkel: -0.0
2024-06-28 11:16:52,873 - INFO - Folgende Sprache wurde erkannt: {self.language}
2024-06-28 11:16:52,974 - INFO - Erkannter Rotationswinkel: -0.0
2024-06-28 11:16:53,557 - INFO - Folgende Sprache wurde erkannt: {self.language}
2024-06-28 11:16:53,881 - INFO - Erkannter Rotationswinkel: -0.0
2024-06-28 11:16:56,153 - INFO - Folgende Sprache wurde erkannt: {self.language}
2024-06-28 11:16:56,510 - INFO - Erkannter Rotationswinkel: -0.0
2024-06-28 11:16:57,876 - INFO - Folgende Sprache wurde erkannt: {self.language}
2024-06-28 11:16:58,174 - INFO - Erkannter Rotationswinkel: -1.0
2024-06-28 11:16:59,309 - INFO - Folgende Sprache wurde erkannt: {self.language}
2024-06-28 11:16:59,601 - INFO - Erkannter Rotationswinkel: -0.0
2024-06-28 11:17:00,669 - INFO - Folgende Sprache wurde erkannt: {self.language}
2024-06-28 11:17:00,961 - INFO - Erkannter Rotationswinkel: -0.0
2024-06-28 11:17:02,080 - INFO - Folgende Sprache wurde erkannt: {self.language}
2024-06-28 11:17:02,348 - INFO - Erkannter Rotationswinkel: -1.0
2024-06-28 11:17:02,908 - INFO - Folgende Sprache wurde erkannt: {self.language}
2024-06-28 11:17:02,909 - INFO - Warnung: Sprache 'ja' wird nicht unterstützt. Das Entfernen von Stoppwörtern wird für diese Sprache übersprungen.
2024-06-28 11:17:03,317 - INFO - Erkannter Rotationswinkel: -0.0
2024-06-28 11:17:04,849 - INFO - Folgende Sprache wurde erkannt: {self.language}
2024-06-28 11:17:05,005 - INFO - Erkannter Rotationswinkel: -0.0
2024-06-28 11:17:06,822 - INFO - Folgende Sprache wurde erkannt: {self.language}
2024-06-28 11:17:07,152 - INFO - Erkannter Rotationswinkel: -0.0
2024-06-28 11:17:09,652 - INFO - Folgende Sprache wurde erkannt: {self.language}
2024-06-28 11:17:09,880 - INFO - Erkannter Rotationswinkel: -0.0
2024-06-28 11:17:10,468 - INFO - Folgende Sprache wurde erkannt: {self.language}
2024-06-28 11:17:10,469 - INFO - Warnung: Sprache 'ja' wird nicht unterstützt. Das Entfernen von Stoppwörtern wird für diese Sprache übersprungen.
2024-06-28 11:17:10,967 - INFO - Erkannter Rotationswinkel: -0.0
2024-06-28 11:17:13,001 - INFO - Folgende Sprache wurde erkannt: {self.language}
2024-06-28 11:17:13,300 - INFO - Erkannter Rotationswinkel: -1.0
2024-06-28 11:17:14,571 - INFO - Folgende Sprache wurde erkannt: {self.language}
2024-06-28 12:35:45,886 - INFO - Erkannter Rotationswinkel: 1.0
2024-06-28 12:35:47,320 - INFO - Folgende Sprache wurde erkannt: {self.language}
2024-06-28 12:35:47,321 - INFO - Warnung: Sprache 'ja' wird nicht unterstützt. Das Entfernen von Stoppwörtern wird für diese Sprache übersprungen.
2024-06-28 12:35:49,247 - INFO - Erkannter Rotationswinkel: -0.0
2024-06-28 12:35:53,837 - INFO - Folgende Sprache wurde erkannt: {self.language}
2024-06-28 12:35:55,555 - INFO - Erkannter Rotationswinkel: -0.0
2024-06-28 12:35:57,852 - INFO - Folgende Sprache wurde erkannt: {self.language}
2024-06-28 12:35:58,247 - INFO - Erkannter Rotationswinkel: -0.0
2024-06-28 12:35:59,943 - INFO - Folgende Sprache wurde erkannt: {self.language}
2024-06-28 12:36:00,386 - INFO - Erkannter Rotationswinkel: -0.0
2024-06-28 12:36:01,427 - INFO - Folgende Sprache wurde erkannt: {self.language}
2024-06-28 12:36:01,785 - INFO - Erkannter Rotationswinkel: 45.0
2024-06-28 12:36:02,910 - INFO - Folgende Sprache wurde erkannt: {self.language}
2024-06-28 12:36:02,910 - INFO - Warnung: Sprache 'ja' wird nicht unterstützt. Das Entfernen von Stoppwörtern wird für diese Sprache übersprungen.
2024-06-28 12:36:04,296 - INFO - Erkannter Rotationswinkel: -0.0
2024-06-28 12:36:09,102 - INFO - Folgende Sprache wurde erkannt: {self.language}
2024-06-28 12:36:10,401 - INFO - Erkannter Rotationswinkel: -0.0
2024-06-28 12:36:13,005 - INFO - Folgende Sprache wurde erkannt: {self.language}
2024-06-28 12:36:14,331 - INFO - Erkannter Rotationswinkel: -0.0
2024-06-28 12:36:16,459 - INFO - Folgende Sprache wurde erkannt: {self.language}
2024-06-28 12:36:16,905 - INFO - Erkannter Rotationswinkel: -0.0
2024-06-28 12:36:17,676 - INFO - Folgende Sprache wurde erkannt: {self.language}
2024-06-28 12:36:18,050 - INFO - Erkannter Rotationswinkel: 1.0
2024-06-28 12:36:20,803 - INFO - Folgende Sprache wurde erkannt: {self.language}
2024-06-28 12:36:20,899 - INFO - Erkannter Rotationswinkel: -0.0
2024-06-28 12:36:21,501 - INFO - Folgende Sprache wurde erkannt: {self.language}
2024-06-28 12:36:21,830 - INFO - Erkannter Rotationswinkel: -0.0
2024-06-28 12:36:24,057 - INFO - Folgende Sprache wurde erkannt: {self.language}
2024-06-28 12:36:24,501 - INFO - Erkannter Rotationswinkel: -0.0
2024-06-28 12:36:26,206 - INFO - Folgende Sprache wurde erkannt: {self.language}
2024-06-28 12:36:28,024 - INFO - Erkannter Rotationswinkel: -0.0
2024-06-28 12:36:30,189 - INFO - Folgende Sprache wurde erkannt: {self.language}
2024-06-28 12:36:30,520 - INFO - Erkannter Rotationswinkel: -0.0
2024-06-28 12:36:33,042 - INFO - Folgende Sprache wurde erkannt: {self.language}
2024-06-28 12:36:34,656 - INFO - Erkannter Rotationswinkel: -0.0
2024-06-28 12:36:36,745 - INFO - Folgende Sprache wurde erkannt: {self.language}
2024-06-28 12:36:37,534 - INFO - Erkannter Rotationswinkel: -0.0
2024-06-28 12:36:39,995 - INFO - Folgende Sprache wurde erkannt: {self.language}
2024-06-28 12:36:40,344 - INFO - Erkannter Rotationswinkel: -0.0
2024-06-28 12:36:43,058 - INFO - Folgende Sprache wurde erkannt: {self.language}
2024-06-28 12:36:44,814 - INFO - Erkannter Rotationswinkel: -1.0
2024-06-28 12:36:48,153 - INFO - Folgende Sprache wurde erkannt: {self.language}
2024-06-28 12:36:48,467 - INFO - Erkannter Rotationswinkel: -0.0
2024-06-28 12:36:50,503 - INFO - Folgende Sprache wurde erkannt: {self.language}
2024-06-28 12:36:52,238 - INFO - Erkannter Rotationswinkel: -1.0
2024-06-28 12:36:54,556 - INFO - Folgende Sprache wurde erkannt: {self.language}
2024-06-28 12:36:56,095 - INFO - Erkannter Rotationswinkel: -0.0
2024-06-28 12:37:01,982 - INFO - Folgende Sprache wurde erkannt: {self.language}
2024-06-28 12:37:02,786 - INFO - Erkannter Rotationswinkel: -0.0
2024-06-28 12:37:03,702 - INFO - Folgende Sprache wurde erkannt: {self.language}
2024-06-28 12:37:03,811 - INFO - Erkannter Rotationswinkel: -0.0
2024-06-28 12:37:04,379 - INFO - Folgende Sprache wurde erkannt: {self.language}
2024-06-28 12:37:04,870 - INFO - Erkannter Rotationswinkel: -0.0
2024-06-28 12:37:06,532 - INFO - Folgende Sprache wurde erkannt: {self.language}
2024-06-28 12:37:06,861 - INFO - Erkannter Rotationswinkel: -0.0
2024-06-28 12:37:08,460 - INFO - Folgende Sprache wurde erkannt: {self.language}
2024-06-28 12:37:08,987 - INFO - Erkannter Rotationswinkel: -1.0
2024-06-28 12:37:11,195 - INFO - Folgende Sprache wurde erkannt: {self.language}
2024-06-28 12:37:11,359 - INFO - Erkannter Rotationswinkel: -0.0
2024-06-28 12:37:11,975 - INFO - Folgende Sprache wurde erkannt: {self.language}
2024-06-28 12:37:12,368 - INFO - Erkannter Rotationswinkel: -0.0
2024-06-28 12:37:13,265 - INFO - Folgende Sprache wurde erkannt: {self.language}
2024-06-28 12:37:13,635 - INFO - Erkannter Rotationswinkel: -0.0
2024-06-28 12:37:15,124 - INFO - Folgende Sprache wurde erkannt: {self.language}
2024-06-28 12:37:15,545 - INFO - Erkannter Rotationswinkel: -0.0
2024-06-28 12:37:16,850 - INFO - Folgende Sprache wurde erkannt: {self.language}
2024-06-28 12:37:18,357 - INFO - Erkannter Rotationswinkel: -0.0
2024-06-28 12:37:20,924 - INFO - Folgende Sprache wurde erkannt: {self.language}
2024-06-28 12:37:22,290 - INFO - Erkannter Rotationswinkel: -0.0
2024-06-28 12:37:26,025 - INFO - Folgende Sprache wurde erkannt: {self.language}
2024-06-28 12:37:26,531 - INFO - Erkannter Rotationswinkel: -0.0
2024-06-28 12:37:29,380 - INFO - Folgende Sprache wurde erkannt: {self.language}
2024-06-28 12:37:29,838 - INFO - Erkannter Rotationswinkel: -0.0
2024-06-28 12:37:31,382 - INFO - Folgende Sprache wurde erkannt: {self.language}
2024-06-28 12:40:07,156 - INFO - generated new fontManager
2024-06-28 12:40:20,057 - INFO - Erkannter Rotationswinkel: 1.0
2024-06-28 12:40:22,340 - INFO - Folgende Sprache wurde erkannt: {self.language}
2024-06-28 12:40:22,340 - INFO - Warnung: Sprache 'ja' wird nicht unterstützt. Das Entfernen von Stoppwörtern wird für diese Sprache übersprungen.
2024-06-28 12:40:24,548 - INFO - Erkannter Rotationswinkel: -0.0
2024-06-28 12:40:28,711 - INFO - Folgende Sprache wurde erkannt: {self.language}
2024-06-28 12:40:30,481 - INFO - Erkannter Rotationswinkel: -0.0
2024-06-28 12:40:33,263 - INFO - Folgende Sprache wurde erkannt: {self.language}
2024-06-28 12:40:33,840 - INFO - Erkannter Rotationswinkel: -0.0
2024-06-28 12:40:35,486 - INFO - Folgende Sprache wurde erkannt: {self.language}
2024-06-28 12:40:35,899 - INFO - Erkannter Rotationswinkel: -0.0
2024-06-28 12:40:37,335 - INFO - Folgende Sprache wurde erkannt: {self.language}
2024-06-28 12:40:37,822 - INFO - Erkannter Rotationswinkel: 45.0
2024-06-28 12:40:39,044 - INFO - Folgende Sprache wurde erkannt: {self.language}
2024-06-28 12:40:39,045 - INFO - Warnung: Sprache 'ja' wird nicht unterstützt. Das Entfernen von Stoppwörtern wird für diese Sprache übersprungen.
2024-06-28 12:40:40,601 - INFO - Erkannter Rotationswinkel: -0.0
2024-06-28 12:40:46,315 - INFO - Folgende Sprache wurde erkannt: {self.language}
2024-06-28 12:40:47,551 - INFO - Erkannter Rotationswinkel: -0.0
2024-06-28 12:40:50,344 - INFO - Folgende Sprache wurde erkannt: {self.language}
2024-06-28 12:40:51,577 - INFO - Erkannter Rotationswinkel: -0.0
2024-06-28 12:40:53,471 - INFO - Folgende Sprache wurde erkannt: {self.language}
2024-06-28 12:40:53,820 - INFO - Erkannter Rotationswinkel: -0.0
2024-06-28 12:40:54,536 - INFO - Folgende Sprache wurde erkannt: {self.language}
2024-06-28 12:40:54,875 - INFO - Erkannter Rotationswinkel: 1.0
2024-06-28 12:40:57,594 - INFO - Folgende Sprache wurde erkannt: {self.language}
2024-06-28 12:40:57,693 - INFO - Erkannter Rotationswinkel: -0.0
2024-06-28 12:40:58,303 - INFO - Folgende Sprache wurde erkannt: {self.language}
2024-06-28 12:40:58,571 - INFO - Erkannter Rotationswinkel: -0.0
2024-06-28 12:40:59,614 - INFO - Folgende Sprache wurde erkannt: {self.language}
2024-06-28 12:40:59,910 - INFO - Erkannter Rotationswinkel: -0.0
2024-06-28 12:41:01,059 - INFO - Folgende Sprache wurde erkannt: {self.language}
2024-06-28 12:41:02,343 - INFO - Erkannter Rotationswinkel: -0.0
2024-06-28 12:41:04,413 - INFO - Folgende Sprache wurde erkannt: {self.language}
2024-06-28 12:41:04,746 - INFO - Erkannter Rotationswinkel: -0.0
2024-06-28 12:41:07,133 - INFO - Folgende Sprache wurde erkannt: {self.language}
2024-06-28 12:41:08,329 - INFO - Erkannter Rotationswinkel: -0.0
2024-06-28 12:41:10,035 - INFO - Folgende Sprache wurde erkannt: {self.language}
2024-06-28 12:41:10,526 - INFO - Erkannter Rotationswinkel: -0.0
2024-06-28 12:41:12,523 - INFO - Folgende Sprache wurde erkannt: {self.language}
2024-06-28 12:41:12,863 - INFO - Erkannter Rotationswinkel: -0.0
2024-06-28 12:41:14,951 - INFO - Folgende Sprache wurde erkannt: {self.language}
2024-06-28 12:41:16,352 - INFO - Erkannter Rotationswinkel: -1.0
2024-06-28 12:41:19,177 - INFO - Folgende Sprache wurde erkannt: {self.language}
2024-06-28 12:41:19,433 - INFO - Erkannter Rotationswinkel: -0.0
2024-06-28 12:41:20,649 - INFO - Folgende Sprache wurde erkannt: {self.language}
2024-06-28 12:41:22,072 - INFO - Erkannter Rotationswinkel: -1.0
2024-06-28 12:41:24,244 - INFO - Folgende Sprache wurde erkannt: {self.language}
2024-06-28 12:41:25,686 - INFO - Erkannter Rotationswinkel: -0.0
2024-06-28 12:41:29,716 - INFO - Folgende Sprache wurde erkannt: {self.language}
2024-06-28 12:41:30,097 - INFO - Erkannter Rotationswinkel: -0.0
2024-06-28 12:41:30,834 - INFO - Folgende Sprache wurde erkannt: {self.language}
2024-06-28 12:41:30,915 - INFO - Erkannter Rotationswinkel: -0.0
2024-06-28 12:41:31,417 - INFO - Folgende Sprache wurde erkannt: {self.language}
2024-06-28 12:41:31,786 - INFO - Erkannter Rotationswinkel: -0.0
2024-06-28 12:41:33,451 - INFO - Folgende Sprache wurde erkannt: {self.language}
2024-06-28 12:41:33,750 - INFO - Erkannter Rotationswinkel: -0.0
2024-06-28 12:41:35,111 - INFO - Folgende Sprache wurde erkannt: {self.language}
2024-06-28 12:41:35,523 - INFO - Erkannter Rotationswinkel: -1.0
2024-06-28 12:41:37,989 - INFO - Folgende Sprache wurde erkannt: {self.language}
2024-06-28 12:41:38,171 - INFO - Erkannter Rotationswinkel: -0.0
2024-06-28 12:41:38,832 - INFO - Folgende Sprache wurde erkannt: {self.language}
2024-06-28 12:41:39,327 - INFO - Erkannter Rotationswinkel: -0.0
2024-06-28 12:41:40,188 - INFO - Folgende Sprache wurde erkannt: {self.language}
2024-06-28 12:41:40,530 - INFO - Erkannter Rotationswinkel: -0.0
2024-06-28 12:41:42,027 - INFO - Folgende Sprache wurde erkannt: {self.language}
2024-06-28 12:41:42,408 - INFO - Erkannter Rotationswinkel: -0.0
2024-06-28 12:41:43,795 - INFO - Folgende Sprache wurde erkannt: {self.language}
2024-06-28 12:41:45,049 - INFO - Erkannter Rotationswinkel: -0.0
2024-06-28 12:41:47,362 - INFO - Folgende Sprache wurde erkannt: {self.language}
2024-06-28 12:41:48,456 - INFO - Erkannter Rotationswinkel: -0.0
2024-06-28 12:41:51,791 - INFO - Folgende Sprache wurde erkannt: {self.language}
2024-06-28 12:41:52,178 - INFO - Erkannter Rotationswinkel: -0.0
2024-06-28 12:41:55,018 - INFO - Folgende Sprache wurde erkannt: {self.language}
2024-06-28 12:41:55,375 - INFO - Erkannter Rotationswinkel: -0.0
2024-06-28 12:41:56,870 - INFO - Folgende Sprache wurde erkannt: {self.language}
2024-06-28 12:41:58,494 - INFO - Erkannter Rotationswinkel: -0.0
2024-06-28 12:42:01,809 - INFO - Folgende Sprache wurde erkannt: {self.language}
2024-06-28 12:42:02,131 - INFO - Erkannter Rotationswinkel: -0.0
2024-06-28 12:42:05,299 - INFO - Folgende Sprache wurde erkannt: {self.language}
2024-06-28 12:42:06,440 - INFO - Erkannter Rotationswinkel: -0.0
2024-06-28 12:42:11,106 - INFO - Erkannter Rotationswinkel: -0.0
2024-06-28 12:42:12,856 - INFO - Folgende Sprache wurde erkannt: {self.language}
2024-06-28 12:42:13,650 - INFO - Erkannter Rotationswinkel: 1.0
2024-06-28 12:42:15,317 - INFO - Folgende Sprache wurde erkannt: {self.language}
2024-06-28 12:42:16,150 - INFO - Erkannter Rotationswinkel: -1.0
2024-06-28 12:42:18,723 - INFO - Folgende Sprache wurde erkannt: {self.language}
2024-06-28 12:42:20,219 - INFO - Erkannter Rotationswinkel: -0.0
2024-06-28 12:42:21,498 - INFO - Folgende Sprache wurde erkannt: {self.language}
2024-06-28 12:42:22,566 - INFO - Erkannter Rotationswinkel: -0.0
2024-06-28 12:42:23,662 - INFO - Folgende Sprache wurde erkannt: {self.language}
2024-06-28 12:42:25,824 - INFO - Erkannter Rotationswinkel: -0.0
2024-06-28 12:42:27,816 - INFO - Folgende Sprache wurde erkannt: {self.language}
2024-06-28 12:42:28,152 - INFO - Erkannter Rotationswinkel: -0.0
2024-06-28 12:42:29,389 - INFO - Folgende Sprache wurde erkannt: {self.language}
2024-06-28 12:42:29,798 - INFO - Erkannter Rotationswinkel: -0.0
2024-06-28 12:42:32,788 - INFO - Folgende Sprache wurde erkannt: {self.language}
2024-06-28 12:42:32,934 - INFO - Erkannter Rotationswinkel: 1.0
2024-06-28 12:42:33,849 - INFO - Folgende Sprache wurde erkannt: {self.language}
2024-06-28 12:42:35,446 - INFO - Erkannter Rotationswinkel: -0.0
2024-06-28 12:42:36,863 - INFO - Folgende Sprache wurde erkannt: {self.language}
2024-06-28 12:42:38,469 - INFO - Erkannter Rotationswinkel: -0.0
2024-06-28 12:42:41,994 - INFO - Folgende Sprache wurde erkannt: {self.language}
2024-06-28 12:42:44,364 - INFO - Erkannter Rotationswinkel: 45.0
2024-06-28 12:42:48,620 - INFO - Erkannter Rotationswinkel: 1.0
2024-06-28 12:42:49,826 - INFO - Folgende Sprache wurde erkannt: {self.language}
2024-06-28 12:42:50,123 - INFO - Erkannter Rotationswinkel: -0.0
2024-06-28 12:42:51,154 - INFO - Folgende Sprache wurde erkannt: {self.language}
2024-06-28 12:42:52,047 - INFO - Erkannter Rotationswinkel: -0.0
2024-06-28 12:42:52,589 - INFO - Folgende Sprache wurde erkannt: {self.language}
2024-06-28 12:42:52,669 - INFO - Erkannter Rotationswinkel: -0.0
2024-06-28 12:42:53,121 - INFO - Folgende Sprache wurde erkannt: {self.language}
2024-06-28 12:42:53,906 - INFO - Erkannter Rotationswinkel: -0.0
2024-06-28 12:42:56,609 - INFO - Folgende Sprache wurde erkannt: {self.language}
2024-06-28 12:42:56,922 - INFO - Erkannter Rotationswinkel: -0.0
2024-06-28 12:42:59,033 - INFO - Folgende Sprache wurde erkannt: {self.language}
2024-06-28 12:43:00,460 - INFO - Erkannter Rotationswinkel: 1.0
2024-06-28 12:43:07,291 - INFO - Folgende Sprache wurde erkannt: {self.language}
2024-06-28 12:43:08,492 - INFO - Erkannter Rotationswinkel: -0.0
2024-06-28 12:43:10,193 - INFO - Folgende Sprache wurde erkannt: {self.language}
2024-06-28 12:43:10,194 - INFO - Warnung: Sprache 'ja' wird nicht unterstützt. Das Entfernen von Stoppwörtern wird für diese Sprache übersprungen.
2024-06-28 12:43:11,350 - INFO - Erkannter Rotationswinkel: -0.0
2024-06-28 12:43:14,173 - INFO - Folgende Sprache wurde erkannt: {self.language}
2024-06-28 12:43:15,747 - INFO - Erkannter Rotationswinkel: -0.0
2024-06-28 12:43:18,769 - INFO - Folgende Sprache wurde erkannt: {self.language}
2024-06-28 12:43:18,919 - INFO - Erkannter Rotationswinkel: -0.0
2024-06-28 12:43:19,605 - INFO - Folgende Sprache wurde erkannt: {self.language}
2024-06-28 12:43:19,688 - INFO - Erkannter Rotationswinkel: -0.0
2024-06-28 12:43:20,250 - INFO - Folgende Sprache wurde erkannt: {self.language}
2024-06-28 12:43:20,334 - INFO - Erkannter Rotationswinkel: -0.0
2024-06-28 12:43:20,772 - INFO - Folgende Sprache wurde erkannt: {self.language}
2024-06-28 12:43:21,267 - INFO - Erkannter Rotationswinkel: -0.0
2024-06-28 12:43:25,948 - INFO - Folgende Sprache wurde erkannt: {self.language}
2024-06-28 12:43:26,515 - INFO - Erkannter Rotationswinkel: -0.0
2024-06-28 12:43:29,700 - INFO - Folgende Sprache wurde erkannt: {self.language}
2024-06-28 12:43:31,109 - INFO - Erkannter Rotationswinkel: 45.0
2024-06-28 12:43:33,931 - INFO - Folgende Sprache wurde erkannt: {self.language}
2024-06-28 12:43:35,023 - INFO - Erkannter Rotationswinkel: -0.0
2024-06-28 12:43:36,728 - INFO - Folgende Sprache wurde erkannt: {self.language}
2024-06-28 12:43:36,924 - INFO - Erkannter Rotationswinkel: -0.0
2024-06-28 12:43:37,822 - INFO - Folgende Sprache wurde erkannt: {self.language}
2024-06-28 12:43:37,923 - INFO - Erkannter Rotationswinkel: -0.0
2024-06-28 12:43:38,415 - INFO - Folgende Sprache wurde erkannt: {self.language}
2024-06-28 12:43:40,114 - INFO - Erkannter Rotationswinkel: 1.0
2024-06-28 12:43:41,533 - INFO - Folgende Sprache wurde erkannt: {self.language}
2024-06-28 12:43:41,947 - INFO - Erkannter Rotationswinkel: 1.0
2024-06-28 12:43:44,647 - INFO - Folgende Sprache wurde erkannt: {self.language}
2024-06-28 12:43:45,080 - INFO - Erkannter Rotationswinkel: -0.0
2024-06-28 12:53:33,250 - INFO - Erkannter Rotationswinkel: 1.0
2024-06-28 12:53:33,708 - INFO - Erkannter Rotationswinkel: -0.0
2024-06-28 12:53:35,539 - INFO - Erkannter Rotationswinkel: -0.0
2024-06-28 12:53:36,061 - INFO - Erkannter Rotationswinkel: 1.0
2024-06-28 12:53:37,644 - INFO - Erkannter Rotationswinkel: -0.0
2024-06-28 12:53:37,763 - INFO - Erkannter Rotationswinkel: -0.0
2024-06-28 12:53:38,080 - INFO - Erkannter Rotationswinkel: -0.0
2024-06-28 12:53:38,585 - INFO - Erkannter Rotationswinkel: -0.0
2024-06-28 12:53:39,070 - INFO - Erkannter Rotationswinkel: 45.0
2024-06-28 12:53:39,111 - INFO - Erkannter Rotationswinkel: -0.0
2024-06-28 12:53:40,778 - INFO - Erkannter Rotationswinkel: -0.0
2024-06-28 12:53:40,828 - INFO - Erkannter Rotationswinkel: 1.0
2024-06-28 12:53:41,427 - INFO - Erkannter Rotationswinkel: -0.0
2024-06-28 12:53:41,811 - INFO - Erkannter Rotationswinkel: -0.0
2024-06-28 12:53:42,137 - INFO - Erkannter Rotationswinkel: -0.0
2024-06-28 12:53:43,287 - INFO - Erkannter Rotationswinkel: -0.0
2024-06-28 12:53:43,522 - INFO - Erkannter Rotationswinkel: -0.0
2024-06-28 12:53:44,004 - INFO - Erkannter Rotationswinkel: -0.0
2024-06-28 12:53:44,583 - INFO - Erkannter Rotationswinkel: 1.0
2024-06-28 12:53:44,635 - INFO - Erkannter Rotationswinkel: 1.0
2024-06-28 12:53:44,708 - INFO - Erkannter Rotationswinkel: -0.0
2024-06-28 12:53:45,013 - INFO - Erkannter Rotationswinkel: -0.0
2024-06-28 12:53:45,096 - INFO - Erkannter Rotationswinkel: -0.0
2024-06-28 12:53:45,379 - INFO - Erkannter Rotationswinkel: -0.0
2024-06-28 12:53:45,492 - INFO - Erkannter Rotationswinkel: -0.0
2024-06-28 12:53:47,073 - INFO - Erkannter Rotationswinkel: -0.0
2024-06-28 12:53:47,230 - INFO - Erkannter Rotationswinkel: 1.0
2024-06-28 12:53:47,584 - INFO - Erkannter Rotationswinkel: -0.0
2024-06-28 12:53:47,732 - INFO - Erkannter Rotationswinkel: -0.0
2024-06-28 12:53:48,536 - INFO - Erkannter Rotationswinkel: 1.0
2024-06-28 12:53:48,819 - INFO - Erkannter Rotationswinkel: -0.0
2024-06-28 12:53:49,348 - INFO - Erkannter Rotationswinkel: -0.0
2024-06-28 12:53:49,670 - INFO - Erkannter Rotationswinkel: -0.0
2024-06-28 12:53:49,824 - INFO - Erkannter Rotationswinkel: -0.0
2024-06-28 12:53:50,287 - INFO - Erkannter Rotationswinkel: -0.0
2024-06-28 12:53:51,184 - INFO - Erkannter Rotationswinkel: -1.0
2024-06-28 12:53:51,353 - INFO - Erkannter Rotationswinkel: -1.0
2024-06-28 12:53:51,512 - INFO - Erkannter Rotationswinkel: -0.0
2024-06-28 12:53:52,877 - INFO - Erkannter Rotationswinkel: -1.0
2024-06-28 12:53:52,990 - INFO - Erkannter Rotationswinkel: 1.0
2024-06-28 12:53:53,318 - INFO - Erkannter Rotationswinkel: -0.0
2024-06-28 12:53:54,303 - INFO - Erkannter Rotationswinkel: -0.0
2024-06-28 12:53:54,655 - INFO - Erkannter Rotationswinkel: -1.0
2024-06-28 12:53:54,838 - INFO - Erkannter Rotationswinkel: -0.0
2024-06-28 12:53:54,959 - INFO - Erkannter Rotationswinkel: -0.0
2024-06-28 12:53:55,511 - INFO - Erkannter Rotationswinkel: -0.0
2024-06-28 12:53:55,856 - INFO - Erkannter Rotationswinkel: -0.0
2024-06-28 12:53:56,029 - INFO - Erkannter Rotationswinkel: -0.0
2024-06-28 12:53:56,303 - INFO - Erkannter Rotationswinkel: -1.0
2024-06-28 12:53:56,492 - INFO - Erkannter Rotationswinkel: -0.0
2024-06-28 12:53:56,915 - INFO - Erkannter Rotationswinkel: -0.0
2024-06-28 12:53:57,374 - INFO - Erkannter Rotationswinkel: -0.0
2024-06-28 12:53:57,594 - INFO - Erkannter Rotationswinkel: -0.0
2024-06-28 12:53:57,777 - INFO - Erkannter Rotationswinkel: -0.0
2024-06-28 12:53:57,969 - INFO - Erkannter Rotationswinkel: -0.0
2024-06-28 12:53:58,338 - INFO - Erkannter Rotationswinkel: -0.0
2024-06-28 12:53:58,734 - INFO - Erkannter Rotationswinkel: -0.0
2024-06-28 12:53:59,477 - INFO - Erkannter Rotationswinkel: -0.0
2024-06-28 12:53:59,952 - INFO - Erkannter Rotationswinkel: -1.0
2024-06-28 12:54:00,438 - INFO - Erkannter Rotationswinkel: -0.0
2024-06-28 12:54:01,157 - INFO - Erkannter Rotationswinkel: -0.0
2024-06-28 12:54:01,740 - INFO - Erkannter Rotationswinkel: -0.0
2024-06-28 12:54:01,887 - INFO - Erkannter Rotationswinkel: -0.0
2024-06-28 12:54:02,038 - INFO - Erkannter Rotationswinkel: -0.0
2024-06-28 12:54:02,170 - INFO - Erkannter Rotationswinkel: -0.0
2024-06-28 12:54:02,605 - INFO - Erkannter Rotationswinkel: -0.0
2024-06-28 12:54:03,247 - INFO - Erkannter Rotationswinkel: -0.0
2024-06-28 12:54:04,274 - INFO - Erkannter Rotationswinkel: -0.0
2024-06-28 12:54:04,726 - INFO - Erkannter Rotationswinkel: -0.0
2024-06-28 12:54:04,859 - INFO - Erkannter Rotationswinkel: -2.0
2024-06-28 12:54:05,478 - INFO - Erkannter Rotationswinkel: -0.0
2024-06-28 12:54:06,271 - INFO - Erkannter Rotationswinkel: -0.0
2024-06-28 12:54:06,910 - INFO - Erkannter Rotationswinkel: -0.0
2024-06-28 12:54:07,078 - INFO - Erkannter Rotationswinkel: -0.0
2024-06-28 12:54:07,557 - INFO - Erkannter Rotationswinkel: -1.0
2024-06-28 12:54:07,688 - INFO - Erkannter Rotationswinkel: -0.0
2024-06-28 12:54:08,124 - INFO - Erkannter Rotationswinkel: -0.0
2024-06-28 12:54:09,049 - INFO - Erkannter Rotationswinkel: 1.0
2024-06-28 12:54:10,027 - INFO - Erkannter Rotationswinkel: -0.0
2024-06-28 12:54:10,394 - INFO - Erkannter Rotationswinkel: -1.0
2024-06-28 12:54:12,251 - INFO - Erkannter Rotationswinkel: 45.0
2024-06-28 12:54:12,374 - INFO - Erkannter Rotationswinkel: -0.0
2024-06-28 12:54:12,829 - INFO - Erkannter Rotationswinkel: -0.0
2024-06-28 12:54:13,956 - INFO - Erkannter Rotationswinkel: -0.0
2024-06-28 12:54:14,518 - INFO - Erkannter Rotationswinkel: -1.0
2024-06-28 12:54:15,544 - INFO - Erkannter Rotationswinkel: -0.0
2024-06-28 12:54:15,920 - INFO - Erkannter Rotationswinkel: 1.0
2024-06-28 12:54:15,985 - INFO - Erkannter Rotationswinkel: -0.0
2024-06-28 12:54:16,417 - INFO - Erkannter Rotationswinkel: -0.0
2024-06-28 12:54:16,550 - INFO - Erkannter Rotationswinkel: 1.0
2024-06-28 12:54:17,637 - INFO - Erkannter Rotationswinkel: -0.0
2024-06-28 12:54:18,167 - INFO - Erkannter Rotationswinkel: -0.0
2024-06-28 12:54:18,355 - INFO - Erkannter Rotationswinkel: -0.0
2024-06-28 12:54:19,120 - INFO - Erkannter Rotationswinkel: 45.0
2024-06-28 12:54:20,468 - INFO - Erkannter Rotationswinkel: -0.0
2024-06-28 12:54:20,906 - INFO - Erkannter Rotationswinkel: 45.0
2024-06-28 12:54:22,010 - INFO - Erkannter Rotationswinkel: -0.0
2024-06-28 12:54:22,136 - INFO - Erkannter Rotationswinkel: -0.0
2024-06-28 12:54:23,587 - INFO - Erkannter Rotationswinkel: -0.0
2024-06-28 12:54:23,626 - INFO - Erkannter Rotationswinkel: 45.0
2024-06-28 12:54:23,993 - INFO - Erkannter Rotationswinkel: -0.0
2024-06-28 12:54:24,393 - INFO - Erkannter Rotationswinkel: -0.0
2024-06-28 12:54:24,489 - INFO - Erkannter Rotationswinkel: 1.0
2024-06-28 12:54:24,741 - INFO - Erkannter Rotationswinkel: -0.0
2024-06-28 12:54:24,815 - INFO - Erkannter Rotationswinkel: -0.0
2024-06-28 12:54:25,134 - INFO - Erkannter Rotationswinkel: -0.0
2024-06-28 12:54:25,163 - INFO - Erkannter Rotationswinkel: -0.0
2024-06-28 12:54:25,264 - INFO - Erkannter Rotationswinkel: -0.0
2024-06-28 12:54:25,662 - INFO - Erkannter Rotationswinkel: 45.0
2024-06-28 12:54:26,136 - INFO - Erkannter Rotationswinkel: -0.0
2024-06-28 12:54:26,236 - INFO - Erkannter Rotationswinkel: -0.0
2024-06-28 12:54:26,537 - INFO - Erkannter Rotationswinkel: 1.0
2024-06-28 12:54:26,633 - INFO - Erkannter Rotationswinkel: -0.0
2024-06-28 12:54:26,991 - INFO - Erkannter Rotationswinkel: 1.0
2024-06-28 12:54:28,168 - INFO - Erkannter Rotationswinkel: 1.0
2024-06-28 12:54:28,308 - INFO - Erkannter Rotationswinkel: 5.0
2024-06-28 12:54:28,637 - INFO - Erkannter Rotationswinkel: 1.0
2024-06-28 12:54:29,045 - INFO - Erkannter Rotationswinkel: -0.0
2024-06-28 12:54:29,349 - INFO - Erkannter Rotationswinkel: -0.0
2024-06-28 12:54:31,116 - INFO - Erkannter Rotationswinkel: 45.0
2024-06-28 12:54:31,148 - INFO - Erkannter Rotationswinkel: -0.0
2024-06-28 12:54:32,547 - INFO - Erkannter Rotationswinkel: -0.0
2024-06-28 12:54:32,708 - INFO - Erkannter Rotationswinkel: -0.0
2024-06-28 12:54:32,834 - INFO - Erkannter Rotationswinkel: -0.0
2024-06-28 12:54:32,919 - INFO - Erkannter Rotationswinkel: -0.0
2024-06-28 12:54:33,006 - INFO - Erkannter Rotationswinkel: -0.0
2024-06-28 12:54:33,222 - INFO - Erkannter Rotationswinkel: -0.0
2024-06-28 12:54:33,365 - INFO - Erkannter Rotationswinkel: -0.0
2024-06-28 12:54:33,406 - INFO - Erkannter Rotationswinkel: -0.0
2024-06-28 12:54:33,458 - INFO - Erkannter Rotationswinkel: -0.0
2024-06-28 12:54:33,831 - INFO - Erkannter Rotationswinkel: -0.0
2024-06-28 12:54:33,857 - INFO - Erkannter Rotationswinkel: -0.0
2024-06-28 12:54:35,518 - INFO - Erkannter Rotationswinkel: 45.0
2024-06-28 12:54:35,743 - INFO - Erkannter Rotationswinkel: 1.0
2024-06-28 12:54:36,933 - INFO - Erkannter Rotationswinkel: -0.0
2024-06-28 12:54:37,156 - INFO - Erkannter Rotationswinkel: -0.0
2024-06-28 12:54:37,186 - INFO - Erkannter Rotationswinkel: -0.0
2024-06-28 12:54:37,258 - INFO - Erkannter Rotationswinkel: -0.0
2024-06-28 12:54:38,942 - INFO - Erkannter Rotationswinkel: -4.0
2024-06-28 12:54:39,080 - INFO - Erkannter Rotationswinkel: 1.0
2024-06-28 12:54:39,089 - INFO - Erkannter Rotationswinkel: -0.0
2024-06-28 12:54:39,508 - INFO - Erkannter Rotationswinkel: 1.0
2024-06-28 12:54:39,973 - INFO - Erkannter Rotationswinkel: -0.0
2024-06-28 12:54:40,179 - INFO - Erkannter Rotationswinkel: -0.0
2024-06-28 12:54:41,314 - INFO - Erkannter Rotationswinkel: 1.0
2024-06-28 12:54:41,956 - INFO - Erkannter Rotationswinkel: -0.0
2024-06-28 12:54:42,184 - INFO - Erkannter Rotationswinkel: -0.0
2024-06-28 12:54:42,540 - INFO - Erkannter Rotationswinkel: -1.0
2024-06-28 12:54:42,723 - INFO - Erkannter Rotationswinkel: -0.0
2024-06-28 12:54:42,825 - INFO - Erkannter Rotationswinkel: -0.0
2024-06-28 12:54:42,994 - INFO - Erkannter Rotationswinkel: -0.0
2024-06-28 12:54:43,272 - INFO - Erkannter Rotationswinkel: -1.0
2024-06-28 12:54:43,545 - INFO - Erkannter Rotationswinkel: -0.0
